[2018-10-27 22:07:07.256] [exthost1] [info] extension host started
[2018-10-27 22:07:07.274] [exthost1] [info] ExtensionService#_doActivateExtension vscode.debug-auto-launch {"startup":true,"activationEvent":"*"}
[2018-10-27 22:07:07.275] [exthost1] [info] ExtensionService#loadCommonJSModule /usr/lib/code/extensions/debug-auto-launch/out/extension
[2018-10-27 22:07:07.282] [exthost1] [info] ExtensionService#_doActivateExtension vscode.emmet {"startup":true,"activationEvent":"*"}
[2018-10-27 22:07:07.282] [exthost1] [info] ExtensionService#loadCommonJSModule /usr/lib/code/extensions/emmet/dist/extension
[2018-10-27 22:07:07.320] [exthost1] [info] ExtensionService#_doActivateExtension vscode.git {"startup":true,"activationEvent":"*"}
[2018-10-27 22:07:07.320] [exthost1] [info] ExtensionService#loadCommonJSModule /usr/lib/code/extensions/git/dist/main
[2018-10-27 22:07:07.479] [exthost1] [info] ExtensionService#_doActivateExtension vscode.merge-conflict {"startup":true,"activationEvent":"*"}
[2018-10-27 22:07:07.479] [exthost1] [info] ExtensionService#loadCommonJSModule /usr/lib/code/extensions/merge-conflict/out/extension
[2018-10-27 22:07:07.494] [exthost1] [info] ExtensionService#_doActivateExtension vscode.search-rg {"startup":true,"activationEvent":"*"}
[2018-10-27 22:07:07.494] [exthost1] [info] ExtensionService#loadCommonJSModule /usr/lib/code/extensions/search-rg/out/extension
[2018-10-27 22:07:07.501] [exthost1] [info] ExtensionService#_doActivateExtension lihui.vs-color-picker {"startup":true,"activationEvent":"*"}
[2018-10-27 22:07:07.501] [exthost1] [info] ExtensionService#loadCommonJSModule /home/b1u3dr4g0nf1y/.vscode-oss/extensions/lihui.vs-color-picker-0.7.0/out/src/extension
[2018-10-27 22:07:07.503] [exthost1] [info] ExtensionService#_doActivateExtension PKief.material-icon-theme {"startup":true,"activationEvent":"*"}
[2018-10-27 22:07:07.503] [exthost1] [info] ExtensionService#loadCommonJSModule /home/b1u3dr4g0nf1y/.vscode-oss/extensions/pkief.material-icon-theme-3.6.0/out/src/extension
[2018-10-27 22:07:07.550] [exthost1] [info] eager extensions activated
[2018-10-27 22:12:02.340] [exthost1] [info] ExtensionService#_doActivateExtension vscode.configuration-editing {"startup":false,"activationEvent":"onLanguage:jsonc"}
[2018-10-27 22:12:02.340] [exthost1] [info] ExtensionService#loadCommonJSModule /usr/lib/code/extensions/configuration-editing/out/extension
[2018-10-27 22:12:02.364] [exthost1] [info] ExtensionService#_doActivateExtension vscode.json-language-features {"startup":false,"activationEvent":"onLanguage:jsonc"}
[2018-10-27 22:12:02.364] [exthost1] [info] ExtensionService#loadCommonJSModule /usr/lib/code/extensions/json-language-features/client/dist/jsonMain
[2018-10-27 22:12:02.477] [exthost1] [info] ExtensionService#_doActivateExtension vscode.typescript-language-features {"startup":false,"activationEvent":"onLanguage:jsonc"}
[2018-10-27 22:12:02.477] [exthost1] [info] ExtensionService#loadCommonJSModule /usr/lib/code/extensions/typescript-language-features/dist/extension
[2018-10-27 23:27:26.917] [exthost1] [info] extension host started
[2018-10-27 23:27:26.937] [exthost1] [info] ExtensionService#_doActivateExtension vscode.debug-auto-launch {"startup":true,"activationEvent":"*"}
[2018-10-27 23:27:26.937] [exthost1] [info] ExtensionService#loadCommonJSModule /usr/lib/code/extensions/debug-auto-launch/out/extension
[2018-10-27 23:27:26.942] [exthost1] [info] ExtensionService#_doActivateExtension vscode.emmet {"startup":true,"activationEvent":"*"}
[2018-10-27 23:27:26.942] [exthost1] [info] ExtensionService#loadCommonJSModule /usr/lib/code/extensions/emmet/dist/extension
[2018-10-27 23:27:26.978] [exthost1] [info] ExtensionService#_doActivateExtension vscode.git {"startup":true,"activationEvent":"*"}
[2018-10-27 23:27:26.978] [exthost1] [info] ExtensionService#loadCommonJSModule /usr/lib/code/extensions/git/dist/main
[2018-10-27 23:27:27.105] [exthost1] [info] ExtensionService#_doActivateExtension vscode.merge-conflict {"startup":true,"activationEvent":"*"}
[2018-10-27 23:27:27.105] [exthost1] [info] ExtensionService#loadCommonJSModule /usr/lib/code/extensions/merge-conflict/out/extension
[2018-10-27 23:27:27.113] [exthost1] [info] ExtensionService#_doActivateExtension vscode.search-rg {"startup":true,"activationEvent":"*"}
[2018-10-27 23:27:27.113] [exthost1] [info] ExtensionService#loadCommonJSModule /usr/lib/code/extensions/search-rg/out/extension
[2018-10-27 23:27:27.117] [exthost1] [info] ExtensionService#_doActivateExtension lihui.vs-color-picker {"startup":true,"activationEvent":"*"}
[2018-10-27 23:27:27.117] [exthost1] [info] ExtensionService#loadCommonJSModule /home/b1u3dr4g0nf1y/.vscode-oss/extensions/lihui.vs-color-picker-0.7.0/out/src/extension
[2018-10-27 23:27:27.118] [exthost1] [info] ExtensionService#_doActivateExtension PKief.material-icon-theme {"startup":true,"activationEvent":"*"}
[2018-10-27 23:27:27.118] [exthost1] [info] ExtensionService#loadCommonJSModule /home/b1u3dr4g0nf1y/.vscode-oss/extensions/pkief.material-icon-theme-3.6.0/out/src/extension
[2018-10-27 23:27:27.149] [exthost1] [info] eager extensions activated
[2018-10-27 23:29:17.435] [exthost1] [info] ExtensionService#_doActivateExtension vscode.typescript-language-features {"startup":false,"activationEvent":"onLanguage:javascript"}
[2018-10-27 23:29:17.435] [exthost1] [info] ExtensionService#loadCommonJSModule /usr/lib/code/extensions/typescript-language-features/dist/extension
[2018-10-27 23:29:32.033] [exthost1] [info] ExtensionService#_doActivateExtension vscode.css-language-features {"startup":false,"activationEvent":"onLanguage:css"}
[2018-10-27 23:29:32.033] [exthost1] [info] ExtensionService#loadCommonJSModule /usr/lib/code/extensions/css-language-features/client/dist/cssMain
[2018-10-27 23:30:53.199] [exthost1] [info] ExtensionService#_doActivateExtension vscode.extension-editing {"startup":false,"activationEvent":"onLanguage:typescript"}
[2018-10-27 23:30:53.199] [exthost1] [info] ExtensionService#loadCommonJSModule /usr/lib/code/extensions/extension-editing/out/extension
[2018-10-27 23:35:15.841] [exthost1] [info] ExtensionService#_doActivateExtension vscode.html-language-features {"startup":false,"activationEvent":"onLanguage:html"}
[2018-10-27 23:35:15.841] [exthost1] [info] ExtensionService#loadCommonJSModule /usr/lib/code/extensions/html-language-features/client/dist/htmlMain
[2018-10-27 23:48:58.682] [exthost1] [info] ExtensionService#_doActivateExtension vscode.configuration-editing {"startup":false,"activationEvent":"onLanguage:json"}
[2018-10-27 23:48:58.682] [exthost1] [info] ExtensionService#loadCommonJSModule /usr/lib/code/extensions/configuration-editing/out/extension
[2018-10-27 23:48:58.699] [exthost1] [info] ExtensionService#_doActivateExtension vscode.json-language-features {"startup":false,"activationEvent":"onLanguage:json"}
[2018-10-27 23:48:58.699] [exthost1] [info] ExtensionService#loadCommonJSModule /usr/lib/code/extensions/json-language-features/client/dist/jsonMain
[2018-10-27 23:48:58.830] [exthost1] [info] ExtensionService#_doActivateExtension vscode.npm {"startup":false,"activationEvent":"onLanguage:json"}
[2018-10-27 23:48:58.830] [exthost1] [info] ExtensionService#loadCommonJSModule /usr/lib/code/extensions/npm/out/main
[2018-10-28 00:12:25.302] [exthost1] [info] extension host started
[2018-10-28 00:12:25.328] [exthost1] [info] ExtensionService#_doActivateExtension vscode.debug-auto-launch {"startup":true,"activationEvent":"*"}
[2018-10-28 00:12:25.328] [exthost1] [info] ExtensionService#loadCommonJSModule /usr/lib/code/extensions/debug-auto-launch/out/extension
[2018-10-28 00:12:25.336] [exthost1] [info] ExtensionService#_doActivateExtension vscode.emmet {"startup":true,"activationEvent":"*"}
[2018-10-28 00:12:25.336] [exthost1] [info] ExtensionService#loadCommonJSModule /usr/lib/code/extensions/emmet/dist/extension
[2018-10-28 00:12:25.375] [exthost1] [info] ExtensionService#_doActivateExtension vscode.git {"startup":true,"activationEvent":"*"}
[2018-10-28 00:12:25.375] [exthost1] [info] ExtensionService#loadCommonJSModule /usr/lib/code/extensions/git/dist/main
[2018-10-28 00:12:25.496] [exthost1] [info] ExtensionService#_doActivateExtension vscode.merge-conflict {"startup":true,"activationEvent":"*"}
[2018-10-28 00:12:25.496] [exthost1] [info] ExtensionService#loadCommonJSModule /usr/lib/code/extensions/merge-conflict/out/extension
[2018-10-28 00:12:25.504] [exthost1] [info] ExtensionService#_doActivateExtension vscode.search-rg {"startup":true,"activationEvent":"*"}
[2018-10-28 00:12:25.504] [exthost1] [info] ExtensionService#loadCommonJSModule /usr/lib/code/extensions/search-rg/out/extension
[2018-10-28 00:12:25.508] [exthost1] [info] ExtensionService#_doActivateExtension lihui.vs-color-picker {"startup":true,"activationEvent":"*"}
[2018-10-28 00:12:25.508] [exthost1] [info] ExtensionService#loadCommonJSModule /home/b1u3dr4g0nf1y/.vscode-oss/extensions/lihui.vs-color-picker-0.7.0/out/src/extension
[2018-10-28 00:12:25.508] [exthost1] [info] ExtensionService#_doActivateExtension PKief.material-icon-theme {"startup":true,"activationEvent":"*"}
[2018-10-28 00:12:25.508] [exthost1] [info] ExtensionService#loadCommonJSModule /home/b1u3dr4g0nf1y/.vscode-oss/extensions/pkief.material-icon-theme-3.6.0/out/src/extension
[2018-10-28 00:12:25.534] [exthost1] [info] ExtensionService#_doActivateExtension vscode.markdown-language-features {"startup":true,"activationEvent":"workspaceContains:README.md"}
[2018-10-28 00:12:25.534] [exthost1] [info] ExtensionService#loadCommonJSModule /usr/lib/code/extensions/markdown-language-features/out/extension
[2018-10-28 00:12:25.602] [exthost1] [info] eager extensions activated
[2018-10-28 00:12:25.663] [exthost1] [info] ExtensionService#_doActivateExtension yzhang.markdown-all-in-one {"startup":true,"activationEvent":"workspaceContains:README.md"}
[2018-10-28 00:12:25.663] [exthost1] [info] ExtensionService#loadCommonJSModule /home/b1u3dr4g0nf1y/.vscode-oss/extensions/yzhang.markdown-all-in-one-1.6.0/out/src/extension
[2018-10-28 00:12:32.007] [exthost1] [info] ExtensionService#_doActivateExtension vscode.configuration-editing {"startup":false,"activationEvent":"onLanguage:json"}
[2018-10-28 00:12:32.007] [exthost1] [info] ExtensionService#loadCommonJSModule /usr/lib/code/extensions/configuration-editing/out/extension
[2018-10-28 00:12:32.022] [exthost1] [info] ExtensionService#_doActivateExtension vscode.extension-editing {"startup":false,"activationEvent":"onLanguage:json"}
[2018-10-28 00:12:32.022] [exthost1] [info] ExtensionService#loadCommonJSModule /usr/lib/code/extensions/extension-editing/out/extension
[2018-10-28 00:12:32.035] [exthost1] [info] ExtensionService#_doActivateExtension vscode.json-language-features {"startup":false,"activationEvent":"onLanguage:json"}
[2018-10-28 00:12:32.035] [exthost1] [info] ExtensionService#loadCommonJSModule /usr/lib/code/extensions/json-language-features/client/dist/jsonMain
[2018-10-28 00:12:32.153] [exthost1] [info] ExtensionService#_doActivateExtension vscode.npm {"startup":false,"activationEvent":"onLanguage:json"}
[2018-10-28 00:12:32.153] [exthost1] [info] ExtensionService#loadCommonJSModule /usr/lib/code/extensions/npm/out/main
[2018-10-28 00:12:33.458] [exthost1] [info] ExtensionService#_doActivateExtension vscode.typescript-language-features {"startup":false,"activationEvent":"onLanguage:jsonc"}
[2018-10-28 00:12:33.458] [exthost1] [info] ExtensionService#loadCommonJSModule /usr/lib/code/extensions/typescript-language-features/dist/extension
