[2018-10-27 22:07:08.904] [sharedprocess] [info] main {"machineId":"1a4b3823ae4d0836360964a6aa2189aa6a988a6a5ed4a07e65fde6948953ecc9"}
[2018-10-27 22:07:08.926] [sharedprocess] [info] Scanned user extensions: 4
[2018-10-27 22:07:08.938] [sharedprocess] [info] Scanned user extensions: 4
[2018-10-27 22:07:08.942] [sharedprocess] [info] Scanned user extensions: 4
[2018-10-27 22:07:08.981] [sharedprocess] [info] Scanned system extensions: 71
[2018-10-27 22:07:08.982] [sharedprocess] [info] Scanned system extensions: 71
[2018-10-27 22:07:09.741] [sharedprocess] [info] Scanned user extensions: 4
[2018-10-27 22:07:48.906] [sharedprocess] [info] Starting to clean up unused language packs.
[2018-10-27 22:11:54.367] [sharedprocess] [info] Scanned user extensions: 4
[2018-10-27 22:11:54.446] [sharedprocess] [info] Scanned user extensions: 4
[2018-10-27 22:11:54.449] [sharedprocess] [info] Scanned user extensions: 4
[2018-10-27 22:11:54.452] [sharedprocess] [info] Scanned user extensions: 4
[2018-10-27 22:11:54.513] [sharedprocess] [info] Scanned system extensions: 71
[2018-10-27 22:11:54.519] [sharedprocess] [info] Scanned system extensions: 71
[2018-10-27 22:11:54.522] [sharedprocess] [info] Scanned system extensions: 71
[2018-10-27 22:12:09.780] [sharedprocess] [info] Scanned user extensions: 4
[2018-10-27 22:17:09.794] [sharedprocess] [info] Scanned user extensions: 4
[2018-10-27 22:22:09.802] [sharedprocess] [info] Scanned user extensions: 4
[2018-10-27 22:27:09.816] [sharedprocess] [info] Scanned user extensions: 4
[2018-10-27 22:32:09.826] [sharedprocess] [info] Scanned user extensions: 4
[2018-10-27 22:37:09.839] [sharedprocess] [info] Scanned user extensions: 4
[2018-10-27 22:42:09.848] [sharedprocess] [info] Scanned user extensions: 4
[2018-10-27 22:47:09.857] [sharedprocess] [info] Scanned user extensions: 4
[2018-10-27 22:52:09.865] [sharedprocess] [info] Scanned user extensions: 4
[2018-10-27 22:57:09.877] [sharedprocess] [info] Scanned user extensions: 4
[2018-10-27 23:02:09.890] [sharedprocess] [info] Scanned user extensions: 4
[2018-10-27 23:07:09.902] [sharedprocess] [info] Scanned user extensions: 4
[2018-10-27 23:12:09.914] [sharedprocess] [info] Scanned user extensions: 4
[2018-10-27 23:17:09.928] [sharedprocess] [info] Scanned user extensions: 4
[2018-10-27 23:22:09.934] [sharedprocess] [info] Scanned user extensions: 4
[2018-10-27 23:27:09.949] [sharedprocess] [info] Scanned user extensions: 4
[2018-10-27 23:27:26.610] [sharedprocess] [info] Scanned user extensions: 4
[2018-10-27 23:27:26.623] [sharedprocess] [info] Scanned user extensions: 4
[2018-10-27 23:27:26.625] [sharedprocess] [info] Scanned user extensions: 4
[2018-10-27 23:27:26.723] [sharedprocess] [info] Scanned system extensions: 71
[2018-10-27 23:27:26.729] [sharedprocess] [info] Scanned system extensions: 71
[2018-10-27 23:27:29.206] [sharedprocess] [info] Scanned user extensions: 4
[2018-10-27 23:32:29.268] [sharedprocess] [info] Scanned user extensions: 4
[2018-10-27 23:37:29.290] [sharedprocess] [info] Scanned user extensions: 4
[2018-10-27 23:42:29.305] [sharedprocess] [info] Scanned user extensions: 4
[2018-10-27 23:47:29.322] [sharedprocess] [info] Scanned user extensions: 4
[2018-10-27 23:52:29.330] [sharedprocess] [info] Scanned user extensions: 4
[2018-10-27 23:57:29.339] [sharedprocess] [info] Scanned user extensions: 4
[2018-10-28 00:02:29.352] [sharedprocess] [info] Scanned user extensions: 4
[2018-10-28 00:07:29.372] [sharedprocess] [info] Scanned user extensions: 4
[2018-10-28 00:12:25.051] [sharedprocess] [info] Scanned user extensions: 4
[2018-10-28 00:12:25.067] [sharedprocess] [info] Scanned user extensions: 4
[2018-10-28 00:12:25.073] [sharedprocess] [info] Scanned user extensions: 4
[2018-10-28 00:12:25.141] [sharedprocess] [info] Scanned system extensions: 71
[2018-10-28 00:12:25.147] [sharedprocess] [info] Scanned system extensions: 71
[2018-10-28 00:12:26.933] [sharedprocess] [info] Installing extension: markdown-all-in-one
[2018-10-28 00:12:26.938] [sharedprocess] [info] Scanned user extensions: 4
[2018-10-28 00:12:27.334] [sharedprocess] [info] Downloaded extension: markdown-all-in-one /tmp/db24ae4b-977b-4f47-92ef-ebfcb72e54b8
[2018-10-28 00:12:27.608] [sharedprocess] [info] Scanned user extensions: 4
[2018-10-28 00:12:27.959] [sharedprocess] [info] Extracted extension to /home/b1u3dr4g0nf1y/.vscode-oss/extensions/.yzhang.markdown-all-in-one-1.7.0: yzhang.markdown-all-in-one-1.7.0
[2018-10-28 00:12:27.960] [sharedprocess] [info] Renamed to /home/b1u3dr4g0nf1y/.vscode-oss/extensions/yzhang.markdown-all-in-one-1.7.0
[2018-10-28 00:12:27.960] [sharedprocess] [info] Installation completed. yzhang.markdown-all-in-one-1.7.0
[2018-10-28 00:12:27.981] [sharedprocess] [info] Extensions installed successfully: yzhang.markdown-all-in-one
[2018-10-28 00:12:28.101] [sharedprocess] [info] Scanned user extensions: 4
[2018-10-28 00:12:28.140] [sharedprocess] [info] Scanned system extensions: 71
[2018-10-28 00:17:27.634] [sharedprocess] [info] Scanned user extensions: 4
[2018-10-28 00:22:27.644] [sharedprocess] [info] Scanned user extensions: 4
[2018-10-28 00:27:27.656] [sharedprocess] [info] Scanned user extensions: 4
[2018-10-28 00:32:27.667] [sharedprocess] [info] Scanned user extensions: 4
[2018-10-28 00:37:27.677] [sharedprocess] [info] Scanned user extensions: 4
[2018-10-28 00:42:27.686] [sharedprocess] [info] Scanned user extensions: 4
[2018-10-28 00:47:27.699] [sharedprocess] [info] Scanned user extensions: 4
[2018-10-28 00:52:27.711] [sharedprocess] [info] Scanned user extensions: 4
[2018-10-28 00:57:27.722] [sharedprocess] [info] Scanned user extensions: 4
[2018-10-28 01:02:27.732] [sharedprocess] [info] Scanned user extensions: 4
[2018-10-28 01:07:27.744] [sharedprocess] [info] Scanned user extensions: 4
[2018-10-28 01:12:27.755] [sharedprocess] [info] Scanned user extensions: 4
[2018-10-28 01:17:27.768] [sharedprocess] [info] Scanned user extensions: 4
[2018-10-28 01:22:27.780] [sharedprocess] [info] Scanned user extensions: 4
[2018-10-28 01:27:27.791] [sharedprocess] [info] Scanned user extensions: 4
